<?xml version="1.0" encoding="UTF-8"?>
<!-- Generated by org.testng.reporters.JUnitXMLReporter -->
<testsuite hostname="DESKTOP-5GI3OCP" ignored="0" name="Command line test" tests="3" failures="0" timestamp="12 Sep 2021 18:51:01 GMT" time="38.047" errors="0">
  <testcase name="verifyHomePageTitleTest" time="4.712" classname="com.mytests.HomePageTest"/>
  <testcase name="verifyLoginPageTitleTest" time="0.013" classname="com.mytests.LoginPageTest"/>
  <testcase name="verifydoLoginTest" time="3.047" classname="com.mytests.LoginPageTest"/>
</testsuite> <!-- Command line test -->
