<?xml version="1.0" encoding="UTF-8"?>
<!-- Generated by org.testng.reporters.JUnitXMLReporter -->
<testsuite hostname="DESKTOP-5GI3OCP" ignored="0" name="my crm test chrome" tests="3" failures="0" timestamp="11 Sep 2021 05:15:01 GMT" time="38.599" errors="0">
  <testcase name="verifyHomePageTitleTest" time="4.773" classname="com.mytests.HomePageTest"/>
  <testcase name="verifyLoginPageTitleTest" time="0.018" classname="com.mytests.LoginPageTest"/>
  <testcase name="verifydoLoginTest" time="2.854" classname="com.mytests.LoginPageTest"/>
</testsuite> <!-- my crm test chrome -->
