<?xml version="1.0" encoding="UTF-8"?>
<testng-results skipped="0" failed="0" ignored="0" total="3" passed="3">
  <reporter-output>
  </reporter-output>
  <suite name="Command line suite" duration-ms="38047" started-at="2021-09-12T18:50:23Z" finished-at="2021-09-12T18:51:01Z">
    <groups>
    </groups>
    <test name="Command line test" duration-ms="38047" started-at="2021-09-12T18:50:23Z" finished-at="2021-09-12T18:51:01Z">
      <class name="com.mytests.LoginPageTest">
        <test-method status="PASS" signature="setUp()[pri:0, instance:com.mytests.LoginPageTest@4909b8da]" name="setUp" is-config="true" duration-ms="8334" started-at="2021-09-12T18:50:39Z" finished-at="2021-09-12T18:50:48Z">
          <reporter-output>
          </reporter-output>
        </test-method> <!-- setUp -->
        <test-method status="PASS" signature="verifyLoginPageTitleTest()[pri:1, instance:com.mytests.LoginPageTest@4909b8da]" name="verifyLoginPageTitleTest" duration-ms="13" started-at="2021-09-12T18:50:48Z" finished-at="2021-09-12T18:50:48Z">
          <reporter-output>
          </reporter-output>
        </test-method> <!-- verifyLoginPageTitleTest -->
        <test-method status="PASS" signature="tearDown()[pri:0, instance:com.mytests.LoginPageTest@4909b8da]" name="tearDown" is-config="true" duration-ms="1173" started-at="2021-09-12T18:50:48Z" finished-at="2021-09-12T18:50:49Z">
          <reporter-output>
          </reporter-output>
        </test-method> <!-- tearDown -->
        <test-method status="PASS" signature="setUp()[pri:0, instance:com.mytests.LoginPageTest@4909b8da]" name="setUp" is-config="true" duration-ms="8655" started-at="2021-09-12T18:50:49Z" finished-at="2021-09-12T18:50:58Z">
          <reporter-output>
          </reporter-output>
        </test-method> <!-- setUp -->
        <test-method status="PASS" signature="verifydoLoginTest()[pri:2, instance:com.mytests.LoginPageTest@4909b8da]" name="verifydoLoginTest" duration-ms="3047" started-at="2021-09-12T18:50:58Z" finished-at="2021-09-12T18:51:01Z">
          <reporter-output>
          </reporter-output>
        </test-method> <!-- verifydoLoginTest -->
        <test-method status="PASS" signature="tearDown()[pri:0, instance:com.mytests.LoginPageTest@4909b8da]" name="tearDown" is-config="true" duration-ms="757" started-at="2021-09-12T18:51:01Z" finished-at="2021-09-12T18:51:01Z">
          <reporter-output>
          </reporter-output>
        </test-method> <!-- tearDown -->
      </class> <!-- com.mytests.LoginPageTest -->
      <class name="com.mytests.HomePageTest">
        <test-method status="PASS" signature="setUp()[pri:0, instance:com.mytests.HomePageTest@6615435c]" name="setUp" is-config="true" duration-ms="10534" started-at="2021-09-12T18:50:23Z" finished-at="2021-09-12T18:50:34Z">
          <reporter-output>
          </reporter-output>
        </test-method> <!-- setUp -->
        <test-method status="PASS" signature="verifyHomePageTitleTest()[pri:0, instance:com.mytests.HomePageTest@6615435c]" name="verifyHomePageTitleTest" duration-ms="4712" started-at="2021-09-12T18:50:34Z" finished-at="2021-09-12T18:50:39Z">
          <reporter-output>
          </reporter-output>
        </test-method> <!-- verifyHomePageTitleTest -->
        <test-method status="PASS" signature="tearDown()[pri:0, instance:com.mytests.HomePageTest@6615435c]" name="tearDown" is-config="true" duration-ms="796" started-at="2021-09-12T18:50:39Z" finished-at="2021-09-12T18:50:39Z">
          <reporter-output>
          </reporter-output>
        </test-method> <!-- tearDown -->
      </class> <!-- com.mytests.HomePageTest -->
    </test> <!-- Command line test -->
  </suite> <!-- Command line suite -->
</testng-results>
